<?xml version="1.0" encoding="UTF-8"?>
<!-- Generated by org.testng.reporters.JUnitReportReporter -->
<testsuite hostname="DESKTOP-RH5H7LR" failures="0" tests="2" name="resttesting.testng" time="0.011" errors="0" timestamp="14 Mar 2022 11:39:22 GMT">
  <testcase classname="resttesting.testng" name="TestCase2" time="0.002"/>
  <testcase classname="resttesting.testng" name="TestCase1" time="0.009"/>
</testsuite> <!-- resttesting.testng -->
