<?xml version="1.0" encoding="UTF-8"?>
<!-- Generated by org.testng.reporters.JUnitReportReporter -->
<testsuite hostname="DESKTOP-RH5H7LR" failures="0" tests="2" name="TrelloTesting.Trello" time="8.208" errors="0" timestamp="16 Mar 2022 11:41:14 GMT">
  <testcase classname="TrelloTesting.Trello" name="createBoard" time="5.648"/>
  <testcase classname="TrelloTesting.Trello" name="deleteBoard" time="2.560"/>
</testsuite> <!-- TrelloTesting.Trello -->
